<?xml version="1.0" encoding="UTF-8"?>
<!-- Generated by org.testng.reporters.JUnitReportReporter -->
<testsuite hostname="Konka-Dell" failures="0" tests="1" name="z_TestNGNew.examples" time="0.006" errors="0" timestamp="2024-02-06T19:22:40 CST" skipped="0">
  <testcase classname="z_TestNGNew.examples" name="findMaxMinArray" time="0.006"/>
  <system-out/>
</testsuite> <!-- z_TestNGNew.examples -->
