<?xml version="1.0" encoding="UTF-8"?>
<!-- Generated by org.testng.reporters.JUnitReportReporter -->
<testsuite hostname="Konka-Dell" failures="0" tests="1" name="com.solutions.seleniumSolutions" time="27.100" errors="0" timestamp="2024-02-27T21:45:48 CST" skipped="0">
  <testcase classname="com.solutions.seleniumSolutions" name="takeScreenshot" time="27.100"/>
  <system-out/>
</testsuite> <!-- com.solutions.seleniumSolutions -->
