<?xml version="1.0" encoding="UTF-8"?>
<!-- Generated by org.testng.reporters.JUnitReportReporter -->
<testsuite hostname="Konka-Dell" failures="0" tests="1" name="z_TestNGNew_Util.examples" time="0.008" errors="0" timestamp="2024-02-05T11:50:20 CST" skipped="0">
  <testcase classname="z_TestNGNew_Util.examples" name="swapNumbers" time="0.008"/>
  <system-out/>
</testsuite> <!-- z_TestNGNew_Util.examples -->
