<?xml version="1.0" encoding="UTF-8"?>
<!-- Generated by org.testng.reporters.JUnitReportReporter -->
<testsuite hostname="Konka-Dell" failures="0" tests="1" name="z_TestNGNew.FirstTest" time="28.617" errors="0" timestamp="2024-02-23T14:02:44 CST" skipped="0">
  <testcase classname="z_TestNGNew.FirstTest" name="isExist" time="28.617"/>
  <system-out/>
</testsuite> <!-- z_TestNGNew.FirstTest -->
